TN:
SF:G:\2020\Globant_Assignment\frontend\GlobantAssignment\src\polyfills.ts
FNF:0
FNH:0
LF:0
LH:0
BRF:0
BRH:0
end_of_record
TN:
SF:G:\2020\Globant_Assignment\frontend\GlobantAssignment\src\test.ts
FNF:0
FNH:0
DA:13,1
DA:18,1
DA:20,1
LF:3
LH:3
BRF:0
BRH:0
end_of_record
TN:
SF:G:\2020\Globant_Assignment\frontend\GlobantAssignment\src\app\app.component.ts
FN:3,(anonymous_0)
FNF:1
FNH:1
FNDA:3,(anonymous_0)
DA:8,1
DA:9,3
LF:2
LH:2
BRF:0
BRH:0
end_of_record
TN:
SF:G:\2020\Globant_Assignment\frontend\GlobantAssignment\src\app\products.service.ts
FN:9,(anonymous_0)
FN:11,(anonymous_1)
FN:14,(anonymous_2)
FN:17,(anonymous_3)
FN:20,(anonymous_4)
FN:23,(anonymous_5)
FN:34,(anonymous_6)
FNF:7
FNH:7
FNDA:5,(anonymous_0)
FNDA:1,(anonymous_1)
FNDA:1,(anonymous_2)
FNDA:2,(anonymous_3)
FNDA:1,(anonymous_4)
FNDA:1,(anonymous_5)
FNDA:1,(anonymous_6)
DA:8,1
DA:9,5
DA:12,1
DA:14,1
DA:18,2
DA:20,1
DA:24,1
DA:25,1
DA:26,1
DA:34,1
LF:10
LH:10
BRF:0
BRH:0
end_of_record
TN:
SF:G:\2020\Globant_Assignment\frontend\GlobantAssignment\src\app\add-product\add-product.component.ts
FN:13,(anonymous_0)
FN:19,(anonymous_1)
FN:25,(anonymous_2)
FN:28,(anonymous_3)
FN:32,(anonymous_4)
FNF:5
FNH:4
FNDA:3,(anonymous_0)
FNDA:2,(anonymous_1)
FNDA:0,(anonymous_2)
FNDA:2,(anonymous_3)
FNDA:1,(anonymous_4)
DA:12,1
DA:14,3
DA:15,3
DA:20,2
DA:25,2
DA:26,0
DA:28,2
DA:29,2
LF:8
LH:7
BRF:0
BRH:0
end_of_record
TN:
SF:G:\2020\Globant_Assignment\frontend\GlobantAssignment\src\app\footer\footer.component.ts
FN:10,(anonymous_0)
FN:12,(anonymous_1)
FNF:2
FNH:2
FNDA:4,(anonymous_0)
FNDA:1,(anonymous_1)
DA:8,1
LF:1
LH:1
BRF:0
BRH:0
end_of_record
TN:
SF:G:\2020\Globant_Assignment\frontend\GlobantAssignment\src\app\home\home.component.ts
FN:15,(anonymous_0)
FN:18,(anonymous_1)
FN:19,(anonymous_2)
FN:25,(anonymous_3)
FN:27,(anonymous_4)
FN:29,(anonymous_5)
FN:36,(anonymous_6)
FNF:7
FNH:6
FNDA:5,(anonymous_0)
FNDA:7,(anonymous_1)
FNDA:2,(anonymous_2)
FNDA:2,(anonymous_3)
FNDA:1,(anonymous_4)
FNDA:0,(anonymous_5)
FNDA:5,(anonymous_6)
DA:11,1
DA:12,5
DA:13,5
DA:15,5
DA:19,7
DA:20,2
DA:26,2
DA:27,1
DA:28,1
DA:29,0
DA:30,0
DA:37,5
LF:12
LH:10
BRDA:26,0,0,1
BRDA:26,0,1,1
BRDA:28,1,0,0
BRDA:28,1,1,1
BRF:4
BRH:3
end_of_record
TN:
SF:G:\2020\Globant_Assignment\frontend\GlobantAssignment\src\app\navigation\navigation.component.ts
FN:9,(anonymous_0)
FN:11,(anonymous_1)
FN:12,(anonymous_2)
FNF:3
FNH:2
FNDA:6,(anonymous_0)
FNDA:3,(anonymous_1)
FNDA:0,(anonymous_2)
DA:8,1
DA:12,3
DA:13,0
LF:3
LH:2
BRF:0
BRH:0
end_of_record
TN:
SF:G:\2020\Globant_Assignment\frontend\GlobantAssignment\src\app\shop-names\shop-names.component.ts
FN:10,(anonymous_0)
FN:12,(anonymous_1)
FNF:2
FNH:1
FNDA:3,(anonymous_0)
FNDA:0,(anonymous_1)
DA:8,1
LF:1
LH:1
BRF:0
BRH:0
end_of_record
